Episode 416     All Average Score: -10895111.90 All SE Score: 5573291.70
Long Eval: Average Score: 166.00        SE Score: 2.76
Long Eval: Median Score: 171.66
300
Episode 417     Best Average Score: -284.44
Episode 417     All Average Score: -3084057.60  All SE Score: 2039036.83
Long Eval: Average Score: 143.56        SE Score: 11.75
Long Eval: Median Score: 169.62
300
Episode 418     Best Average Score: -284.97
Episode 418     All Average Score: -2584480.55  All SE Score: 1830209.61
Long Eval: Average Score: 166.00        SE Score: 1.43
Long Eval: Median Score: 171.83
300
Episode 419     Best Average Score: -283.85
Episode 419     All Average Score: -186930114.72        All SE Score: 102662521.71
Long Eval: Average Score: 156.38        SE Score: 7.80
Long Eval: Median Score: 170.12
300
Episode 420     Best Average Score: -283.97
Episode 420     All Average Score: -49534758.83 All SE Score: 22486718.84
Long Eval: Average Score: 160.26        SE Score: 6.24
Long Eval: Median Score: 171.57
300
Episode 421     Best Average Score: -283.90
Episode 421     All Average Score: -101843877.14        All SE Score: 57034634.47
Long Eval: Average Score: -3804.89      SE Score: 3951.55
Long Eval: Median Score: 172.22
300
Episode 422     Best Average Score: -241.36
Episode 422     All Average Score: -222583.46   All SE Score: 172879.76
Long Eval: Average Score: 162.47        SE Score: 3.79
Long Eval: Median Score: 172.12
300
Episode 423     Best Average Score: -239.89
Episode 423     All Average Score: -754735.43   All SE Score: 743907.26
Long Eval: Average Score: 148.46        SE Score: 9.93
Long Eval: Median Score: 171.96
300
Episode 424     Best Average Score: -239.57
Episode 424     All Average Score: -188076031.18        All SE Score: 105666763.52
Long Eval: Average Score: 154.73        SE Score: 9.57
Long Eval: Median Score: 172.56
300
Episode 425     Best Average Score: -239.87
Episode 425     All Average Score: -34388305.00 All SE Score: 20128886.09
Long Eval: Average Score: 164.73        SE Score: 1.35
Long Eval: Median Score: 171.64
300
Episode 426     Best Average Score: -238.23
Episode 426     All Average Score: -78846.71    All SE Score: 46583.31
Long Eval: Average Score: 155.31        SE Score: 7.20
Long Eval: Median Score: 172.44
300
Episode 427     Best Average Score: -239.30
Episode 427     All Average Score: -843183.67   All SE Score: 477799.56
Long Eval: Average Score: 157.24        SE Score: 7.57
Long Eval: Median Score: 172.54
300
Episode 428     Best Average Score: -237.93
Episode 428     All Average Score: -630457.32   All SE Score: 323035.34
Long Eval: Average Score: -4256.67      SE Score: 4410.57
Long Eval: Median Score: 172.10
300
Episode 429     Best Average Score: -680.20
Episode 429     All Average Score: -24053727.90 All SE Score: 13875037.60
Long Eval: Average Score: 159.34        SE Score: 6.83
Long Eval: Median Score: 172.33
300
Episode 430     Best Average Score: -679.90
Episode 430     All Average Score: -53198401.44 All SE Score: 22109665.58
Long Eval: Average Score: 158.89        SE Score: 7.02
Long Eval: Median Score: 170.60
300
Episode 431     Best Average Score: -680.04
Episode 431     All Average Score: -19634822.93 All SE Score: 13456302.02
Long Eval: Average Score: 153.85        SE Score: 10.22
Long Eval: Median Score: 172.67
300
Episode 432     Best Average Score: -284.17
Episode 432     All Average Score: -203225505.16        All SE Score: 135901273.26
Long Eval: Average Score: 164.46        SE Score: 1.68
Long Eval: Median Score: 172.66
300
Episode 433     Best Average Score: -283.97
Episode 433     All Average Score: -100984696.63        All SE Score: 94920643.16
Long Eval: Average Score: 162.47        SE Score: 4.30
Long Eval: Median Score: 172.51
300
Episode 434     Best Average Score: -282.57
Episode 434     All Average Score: -22975837.71 All SE Score: 16282278.64
Long Eval: Average Score: 155.01        SE Score: 7.87
Long Eval: Median Score: 171.81
300
Episode 435     Best Average Score: -282.54
Episode 435     All Average Score: -6637761.50  All SE Score: 3755863.85
Long Eval: Average Score: 162.41        SE Score: 4.74
Long Eval: Median Score: 172.63
300
Episode 436     Best Average Score: -282.77
Episode 436     All Average Score: -12158959.08 All SE Score: 11842940.89
Long Eval: Average Score: 144.17        SE Score: 12.03
Long Eval: Median Score: 171.60
300
Episode 437     Best Average Score: -283.88
Episode 437     All Average Score: -10797991.72 All SE Score: 8493202.05
Long Eval: Average Score: 161.59        SE Score: 4.79
Long Eval: Median Score: 173.98
300
Episode 438     Best Average Score: -283.45
Episode 438     All Average Score: -900080.90   All SE Score: 522480.39
Long Eval: Average Score: 168.55        SE Score: 1.25
Long Eval: Median Score: 174.05
300
Episode 439     Best Average Score: 159.07
Episode 439     All Average Score: -2163575.74  All SE Score: 1923221.38
Long Eval: Average Score: 164.31        SE Score: 2.42
Long Eval: Median Score: 171.60
300
Episode 440     Best Average Score: 159.57
Episode 440     All Average Score: -37964629.94 All SE Score: 27978328.18
Long Eval: Average Score: 164.83        SE Score: 2.62
Long Eval: Median Score: 171.90
300
Episode 441     Best Average Score: 160.17
Episode 441     All Average Score: -158326881.65        All SE Score: 139767362.94
Long Eval: Average Score: 156.76        SE Score: 9.13
Long Eval: Median Score: 174.07
300
Episode 442     Best Average Score: 160.46
Episode 442     All Average Score: -5956614.93  All SE Score: 4127174.35
Long Eval: Average Score: 164.66        SE Score: 2.90
Long Eval: Median Score: 172.75
300
Episode 443     Best Average Score: 160.48
Episode 443     All Average Score: -21680.12    All SE Score: 20540.14
Long Eval: Average Score: 136.05        SE Score: 14.04
Long Eval: Median Score: 172.50
300
Episode 444     Best Average Score: 157.83
Episode 444     All Average Score: -1808316.12  All SE Score: 1787263.81
Long Eval: Average Score: 169.24        SE Score: 1.33
Long Eval: Median Score: 174.29
300
Episode 445     Best Average Score: 159.26
Episode 445     All Average Score: -8668975.29  All SE Score: 4957973.87
Long Eval: Average Score: 166.01        SE Score: 1.53
Long Eval: Median Score: 172.03
300
Episode 446     Best Average Score: 159.62
Episode 446     All Average Score: -40656791.04 All SE Score: 27889001.03
Long Eval: Average Score: -3483.48      SE Score: 3634.71
Long Eval: Median Score: 175.69
300
Episode 447     Best Average Score: -203.15
Episode 447     All Average Score: -12087571.20 All SE Score: 7293606.30
Long Eval: Average Score: 166.70        SE Score: 2.40
Long Eval: Median Score: 174.22
300
Episode 448     Best Average Score: -202.64
Episode 448     All Average Score: -1224087.91  All SE Score: 801584.47
Long Eval: Average Score: 158.97        SE Score: 7.56
Long Eval: Median Score: 172.19
300
Episode 449     Best Average Score: -203.60
Episode 449     All Average Score: -7579996.53  All SE Score: 5065427.08
Long Eval: Average Score: 163.72        SE Score: 3.16
Long Eval: Median Score: 172.95
300
Episode 450     Best Average Score: -203.65
Episode 450     All Average Score: -45553996.29 All SE Score: 26918434.41
Long Eval: Average Score: 159.36        SE Score: 7.03
Long Eval: Median Score: 171.54
300
Episode 451     Best Average Score: -204.20
Episode 451     All Average Score: -51262372.72 All SE Score: 37012724.25
Long Eval: Average Score: 163.46        SE Score: 2.97
Long Eval: Median Score: 172.70
300
Episode 452     Best Average Score: -203.53
Episode 452     All Average Score: -24090617.97 All SE Score: 12393629.01
Long Eval: Average Score: 156.15        SE Score: 7.91
Long Eval: Median Score: 175.34
300
Episode 453     Best Average Score: -204.38
Episode 453     All Average Score: -37607905.40 All SE Score: 20378017.97
Long Eval: Average Score: 158.07        SE Score: 6.46
Long Eval: Median Score: 172.23
300
Episode 454     Best Average Score: -202.18
Episode 454     All Average Score: -6572971.37  All SE Score: 3096979.82
Long Eval: Average Score: 164.58        SE Score: 1.99
Long Eval: Median Score: 172.29
300
Episode 455     Best Average Score: -202.65
Episode 455     All Average Score: -1060592.39  All SE Score: 525600.96
Long Eval: Average Score: 155.42        SE Score: 8.56
Long Eval: Median Score: 172.34
300
Episode 456     Best Average Score: -203.71
Episode 456     All Average Score: -2064726.49  All SE Score: 1932201.21
Long Eval: Average Score: 153.25        SE Score: 10.74
Long Eval: Median Score: 172.81
300
Episode 457     Best Average Score: 159.97
Episode 457     All Average Score: -31190918.72 All SE Score: 14109006.47
Long Eval: Average Score: 157.94        SE Score: 6.93
Long Eval: Median Score: 173.83
300
Episode 458     Best Average Score: 159.09
Episode 458     All Average Score: -629495.74   All SE Score: 615942.45
Long Eval: Average Score: 163.51        SE Score: 4.34
Long Eval: Median Score: 171.56
300
Episode 459     Best Average Score: 159.54
Episode 459     All Average Score: -7800245.33  All SE Score: 4693772.28
Long Eval: Average Score: -3751.38      SE Score: 3904.06
Long Eval: Median Score: 172.80
300
Episode 460     Best Average Score: -231.97
Episode 460     All Average Score: -4417128.64  All SE Score: 4364280.91
Long Eval: Average Score: 165.90        SE Score: 1.33
Long Eval: Median Score: 172.44
300
Episode 461     Best Average Score: -231.31
Episode 461     All Average Score: -80833495.77 All SE Score: 45167037.78
Long Eval: Average Score: 160.40        SE Score: 5.22
Long Eval: Median Score: 176.12
300
Episode 462     Best Average Score: -231.62
Episode 462     All Average Score: -274110.22   All SE Score: 201016.56
Long Eval: Average Score: 160.25        SE Score: 4.25
Long Eval: Median Score: 172.37
300
Episode 463     Best Average Score: -231.21
Episode 463     All Average Score: -28067922.50 All SE Score: 25327112.85
Long Eval: Average Score: 159.40        SE Score: 7.59
Long Eval: Median Score: 173.09
300
Episode 464     Best Average Score: -231.07
Episode 464     All Average Score: -17086384.92 All SE Score: 16032718.48
Long Eval: Average Score: 153.45        SE Score: 8.63
Long Eval: Median Score: 172.05
300
Episode 465     Best Average Score: -232.19
Episode 465     All Average Score: -2946087.37  All SE Score: 1938323.41
Long Eval: Average Score: 154.96        SE Score: 7.15
Long Eval: Median Score: 171.03
300
Episode 466     Best Average Score: -232.23
Episode 466     All Average Score: -35940882.68 All SE Score: 35571488.00
Long Eval: Average Score: 166.94        SE Score: 1.29
Long Eval: Median Score: 172.25
300
Episode 467     Best Average Score: -230.86
Episode 467     All Average Score: -40937625.45 All SE Score: 31121413.86
Long Eval: Average Score: 165.77        SE Score: 1.25
Long Eval: Median Score: 169.83
300
Episode 468     Best Average Score: -230.08
Episode 468     All Average Score: -9403698.29  All SE Score: 4968810.25
Long Eval: Average Score: 145.43        SE Score: 10.89
Long Eval: Median Score: 171.52
300
Episode 469     Best Average Score: -231.89
Episode 469     All Average Score: -34282555.24 All SE Score: 23419100.61
Long Eval: Average Score: 155.01        SE Score: 8.88
Long Eval: Median Score: 172.97
300
Episode 470     Best Average Score: 158.75
Episode 470     All Average Score: -26121747.06 All SE Score: 21427372.63
Long Eval: Average Score: 158.71        SE Score: 7.54
Long Eval: Median Score: 171.15
300
Episode 471     Best Average Score: 158.03
Episode 471     All Average Score: -2274670.82  All SE Score: 1854367.16
Long Eval: Average Score: 166.08        SE Score: 1.37
Long Eval: Median Score: 171.49
300
Episode 472     Best Average Score: 158.60
Episode 472     All Average Score: -72737601.51 All SE Score: 34375592.82
Long Eval: Average Score: 159.66        SE Score: 5.39
Long Eval: Median Score: 171.80
300
Episode 473     Best Average Score: 158.54
Episode 473     All Average Score: -38396862.95 All SE Score: 33891975.20
Long Eval: Average Score: 166.67        SE Score: 1.37
Long Eval: Median Score: 172.92
300
Episode 474     Best Average Score: 159.27
Episode 474     All Average Score: -18619196.86 All SE Score: 11804591.33
Long Eval: Average Score: 146.50        SE Score: 10.40
Long Eval: Median Score: 172.36
300
Episode 475     Best Average Score: 158.57
Episode 475     All Average Score: -8158091.92  All SE Score: 8017518.89
Long Eval: Average Score: 151.35        SE Score: 10.40
Long Eval: Median Score: 171.54
300
Episode 476     Best Average Score: 158.21
Episode 476     All Average Score: -15785569.77 All SE Score: 13652216.93
Long Eval: Average Score: 167.43        SE Score: 1.26
Long Eval: Median Score: 174.72
300
Episode 477     Best Average Score: 158.26
Episode 477     All Average Score: -48475591.99 All SE Score: 34153869.27
Long Eval: Average Score: 147.78        SE Score: 11.24
Long Eval: Median Score: 171.86
300
Episode 478     Best Average Score: 156.46
Episode 478     All Average Score: -37068231.41 All SE Score: 33789771.67
Long Eval: Average Score: 161.76        SE Score: 4.55
Long Eval: Median Score: 172.64
300
Episode 479     Best Average Score: 158.09
Episode 479     All Average Score: -37095907.27 All SE Score: 26229974.36
Long Eval: Average Score: 142.35        SE Score: 12.75
Long Eval: Median Score: 171.74
300
Episode 480     Best Average Score: 156.83
Episode 480     All Average Score: -55547617.76 All SE Score: 31346240.88
Long Eval: Average Score: 160.63        SE Score: 4.35
Long Eval: Median Score: 171.69
300
Episode 481     Best Average Score: 157.02
Episode 481     All Average Score: -2101905.99  All SE Score: 1556456.04
Long Eval: Average Score: 159.20        SE Score: 7.51
Long Eval: Median Score: 172.48
300
Episode 482     Best Average Score: 156.33
Episode 482     All Average Score: -118028717.71        All SE Score: 54480251.48
Long Eval: Average Score: 152.14        SE Score: 10.52
Long Eval: Median Score: 172.51
300
Episode 483     Best Average Score: 155.58
Episode 483     All Average Score: -64053300.25 All SE Score: 51367035.50
Long Eval: Average Score: 159.91        SE Score: 5.07
Long Eval: Median Score: 172.12
300
Episode 484     Best Average Score: 154.90
Episode 484     All Average Score: -6520328.17  All SE Score: 3361291.21
Long Eval: Average Score: 161.76        SE Score: 5.31
Long Eval: Median Score: 171.67
300
Episode 485     Best Average Score: 156.43
Episode 485     All Average Score: -30370112.90 All SE Score: 21864241.37
Long Eval: Average Score: 161.59        SE Score: 3.27
Long Eval: Median Score: 172.94
300
Episode 486     Best Average Score: 157.45
Episode 486     All Average Score: -30916835.71 All SE Score: 25299131.58
Long Eval: Average Score: 158.31        SE Score: 6.74
Long Eval: Median Score: 173.53
300
Episode 487     Best Average Score: 156.54
Episode 487     All Average Score: -28975746.29 All SE Score: 12724921.03
Long Eval: Average Score: 159.92        SE Score: 6.96
Long Eval: Median Score: 172.29
300
Episode 488     Best Average Score: 157.76
Episode 488     All Average Score: -6905413.37  All SE Score: 3922076.61
Long Eval: Average Score: 153.86        SE Score: 9.59
Long Eval: Median Score: 173.44
300
Episode 489     Best Average Score: 156.97
Episode 489     All Average Score: -53532427.20 All SE Score: 28113950.99
Long Eval: Average Score: 153.08        SE Score: 8.94
Long Eval: Median Score: 172.65
300
Episode 490     Best Average Score: 158.04
Episode 490     All Average Score: -63616317.88 All SE Score: 53892488.12
Long Eval: Average Score: 158.58        SE Score: 5.37
Long Eval: Median Score: 172.73
300
Episode 491     Best Average Score: 157.83
Episode 491     All Average Score: -157193383.03        All SE Score: 72017090.64
Long Eval: Average Score: 146.83        SE Score: 12.74
Long Eval: Median Score: 173.83
300
Episode 492     Best Average Score: 156.60
Episode 492     All Average Score: -43037361.48 All SE Score: 21103333.92
Long Eval: Average Score: 149.64        SE Score: 10.30
Long Eval: Median Score: 171.65
300
Episode 493     Best Average Score: 156.35
Episode 493     All Average Score: -44463676.44 All SE Score: 24566232.48
Long Eval: Average Score: 150.55        SE Score: 9.41
Long Eval: Median Score: 174.81
300
Episode 494     Best Average Score: 155.41
Episode 494     All Average Score: -79516716.37 All SE Score: 47334091.51
Long Eval: Average Score: 158.13        SE Score: 7.61
Long Eval: Median Score: 171.05
300
Episode 495     Best Average Score: 155.05
Episode 495     All Average Score: -131000028.34        All SE Score: 72492397.46
Long Eval: Average Score: 162.32        SE Score: 4.83
Long Eval: Median Score: 171.67
300
Episode 496     Best Average Score: 155.12
Episode 496     All Average Score: -147305802.24        All SE Score: 94523910.60
Long Eval: Average Score: 157.79        SE Score: 8.08
Long Eval: Median Score: 171.37
300
Episode 497     Best Average Score: 155.07
Episode 497     All Average Score: -78777877.88 All SE Score: 46296234.11
Long Eval: Average Score: 160.57        SE Score: 7.96
Long Eval: Median Score: 172.67
300
Episode 498     Best Average Score: 155.14
Episode 498     All Average Score: -133226398.86        All SE Score: 70088811.27
Long Eval: Average Score: 154.77        SE Score: 8.29
Long Eval: Median Score: 173.68
300